<?xml version="1.0" encoding="UTF-8"?>
<!-- Generated by org.testng.reporters.JUnitReportReporter -->
<testsuite hostname="DESKTOP-1PLAJR2" name="Project1.SelTest" tests="1" failures="0" timestamp="22 Apr 2022 11:07:00 GMT" time="24.243" errors="0">
  <testcase name="f" time="24.243" classname="Project1.SelTest"/>
</testsuite> <!-- Project1.SelTest -->
