<?xml version="1.0" encoding="UTF-8"?>
<!-- Generated by org.testng.reporters.JUnitReportReporter -->
<testsuite hostname="DESKTOP-1PLAJR2" name="Project1.Operators1" tests="2" failures="0" timestamp="22 Apr 2022 08:50:24 GMT" time="0.027" errors="0">
  <testcase name="add" time="0.026" classname="Project1.Operators1"/>
  <testcase name="sub" time="0.001" classname="Project1.Operators1"/>
</testsuite> <!-- Project1.Operators1 -->
